<?xml version="1.0" encoding="UTF-8"?>
<!-- Generated by org.testng.reporters.JUnitReportReporter -->
<testsuite hostname="DESKTOP-UJ1ABA6" failures="0" tests="1" name="com.guru99.tests.LoginTests" time="8.077" errors="0" timestamp="2022-08-03T16:09:31 IST" skipped="0">
  <testcase classname="com.guru99.tests.LoginTests" name="verifyUserLoginWithCorrectCredentials" time="8.077"/>
  <system-out/>
</testsuite> <!-- com.guru99.tests.LoginTests -->
